<?xml version="1.0" encoding="UTF-8" ?>
<testsuite failures="0" time="0.16" errors="0" skipped="0" tests="4" name="net.ueckerman.order.OrderTest">
  <properties>
    <property name="java.runtime.name" value="Java(TM) SE Runtime Environment"/>
    <property name="sun.boot.library.path" value="/System/Library/Java/JavaVirtualMachines/1.6.0.jdk/Contents/Libraries"/>
    <property name="java.vm.version" value="20.1-b02-383"/>
    <property name="awt.nativeDoubleBuffering" value="true"/>
    <property name="gopherProxySet" value="false"/>
    <property name="mrj.build" value="11A511c"/>
    <property name="java.vm.vendor" value="Apple Inc."/>
    <property name="java.vendor.url" value="http://www.apple.com/"/>
    <property name="path.separator" value=":"/>
    <property name="java.vm.name" value="Java HotSpot(TM) 64-Bit Server VM"/>
    <property name="file.encoding.pkg" value="sun.io"/>
    <property name="user.country" value="US"/>
    <property name="sun.java.launcher" value="SUN_STANDARD"/>
    <property name="sun.os.patch.level" value="unknown"/>
    <property name="java.vm.specification.name" value="Java Virtual Machine Specification"/>
    <property name="user.dir" value="/Users/mueckerman/presentations/test-framework-comparison"/>
    <property name="java.runtime.version" value="1.6.0_26-b03-383-11A511c"/>
    <property name="java.awt.graphicsenv" value="apple.awt.CGraphicsEnvironment"/>
    <property name="basedir" value="/Users/mueckerman/presentations/test-framework-comparison"/>
    <property name="java.endorsed.dirs" value="/System/Library/Java/JavaVirtualMachines/1.6.0.jdk/Contents/Home/lib/endorsed"/>
    <property name="os.arch" value="x86_64"/>
    <property name="surefire.real.class.path" value="/var/folders/dy/dn0h120d4plc3sl5ll4b5tn80000gp/T/surefirebooter5246765378684088638.jar"/>
    <property name="java.io.tmpdir" value="/var/folders/dy/dn0h120d4plc3sl5ll4b5tn80000gp/T/"/>
    <property name="line.separator" value="
"/>
    <property name="java.vm.specification.vendor" value="Sun Microsystems Inc."/>
    <property name="os.name" value="Mac OS X"/>
    <property name="sun.jnu.encoding" value="MacRoman"/>
    <property name="java.library.path" value=".:/Library/Java/Extensions:/System/Library/Java/Extensions:/usr/lib/java"/>
    <property name="surefire.test.class.path" value="/Users/mueckerman/presentations/test-framework-comparison/target/test-classes:/Users/mueckerman/presentations/test-framework-comparison/target/classes:/Users/mueckerman/.m2/repository/org/apache/commons/commons-lang3/3.0.1/commons-lang3-3.0.1.jar:/Users/mueckerman/.m2/repository/com/google/guava/guava/r09/guava-r09.jar:/Users/mueckerman/.m2/repository/junit/junit-dep/4.9/junit-dep-4.9.jar:/Users/mueckerman/.m2/repository/org/hamcrest/hamcrest-core/1.1/hamcrest-core-1.1.jar:/Users/mueckerman/.m2/repository/org/easymock/easymock/3.0/easymock-3.0.jar:/Users/mueckerman/.m2/repository/cglib/cglib-nodep/2.2/cglib-nodep-2.2.jar:/Users/mueckerman/.m2/repository/org/objenesis/objenesis/1.2/objenesis-1.2.jar:/Users/mueckerman/.m2/repository/org/mockito/mockito-all/1.9.0-rc1/mockito-all-1.9.0-rc1.jar:/Users/mueckerman/.m2/repository/org/powermock/powermock-module-junit4/1.4.10/powermock-module-junit4-1.4.10.jar:/Users/mueckerman/.m2/repository/junit/junit/4.8.2/junit-4.8.2.jar:/Users/mueckerman/.m2/repository/org/powermock/powermock-module-junit4-common/1.4.10/powermock-module-junit4-common-1.4.10.jar:/Users/mueckerman/.m2/repository/org/powermock/powermock-core/1.4.10/powermock-core-1.4.10.jar:/Users/mueckerman/.m2/repository/org/powermock/powermock-reflect/1.4.10/powermock-reflect-1.4.10.jar:/Users/mueckerman/.m2/repository/org/javassist/javassist/3.15.0-GA/javassist-3.15.0-GA.jar:/Users/mueckerman/.m2/repository/org/powermock/powermock-api-mockito/1.4.10/powermock-api-mockito-1.4.10.jar:/Users/mueckerman/.m2/repository/org/powermock/powermock-api-support/1.4.10/powermock-api-support-1.4.10.jar:"/>
    <property name="java.specification.name" value="Java Platform API Specification"/>
    <property name="java.class.version" value="50.0"/>
    <property name="sun.management.compiler" value="HotSpot 64-Bit Tiered Compilers"/>
    <property name="os.version" value="10.7.1"/>
    <property name="http.nonProxyHosts" value="local|*.local|169.254/16|*.169.254/16"/>
    <property name="user.home" value="/Users/mueckerman"/>
    <property name="user.timezone" value=""/>
    <property name="java.awt.printerjob" value="apple.awt.CPrinterJob"/>
    <property name="java.specification.version" value="1.6"/>
    <property name="file.encoding" value="MacRoman"/>
    <property name="user.name" value="mueckerman"/>
    <property name="java.class.path" value="/Users/mueckerman/presentations/test-framework-comparison/target/test-classes:/Users/mueckerman/presentations/test-framework-comparison/target/classes:/Users/mueckerman/.m2/repository/org/apache/commons/commons-lang3/3.0.1/commons-lang3-3.0.1.jar:/Users/mueckerman/.m2/repository/com/google/guava/guava/r09/guava-r09.jar:/Users/mueckerman/.m2/repository/junit/junit-dep/4.9/junit-dep-4.9.jar:/Users/mueckerman/.m2/repository/org/hamcrest/hamcrest-core/1.1/hamcrest-core-1.1.jar:/Users/mueckerman/.m2/repository/org/easymock/easymock/3.0/easymock-3.0.jar:/Users/mueckerman/.m2/repository/cglib/cglib-nodep/2.2/cglib-nodep-2.2.jar:/Users/mueckerman/.m2/repository/org/objenesis/objenesis/1.2/objenesis-1.2.jar:/Users/mueckerman/.m2/repository/org/mockito/mockito-all/1.9.0-rc1/mockito-all-1.9.0-rc1.jar:/Users/mueckerman/.m2/repository/org/powermock/powermock-module-junit4/1.4.10/powermock-module-junit4-1.4.10.jar:/Users/mueckerman/.m2/repository/junit/junit/4.8.2/junit-4.8.2.jar:/Users/mueckerman/.m2/repository/org/powermock/powermock-module-junit4-common/1.4.10/powermock-module-junit4-common-1.4.10.jar:/Users/mueckerman/.m2/repository/org/powermock/powermock-core/1.4.10/powermock-core-1.4.10.jar:/Users/mueckerman/.m2/repository/org/powermock/powermock-reflect/1.4.10/powermock-reflect-1.4.10.jar:/Users/mueckerman/.m2/repository/org/javassist/javassist/3.15.0-GA/javassist-3.15.0-GA.jar:/Users/mueckerman/.m2/repository/org/powermock/powermock-api-mockito/1.4.10/powermock-api-mockito-1.4.10.jar:/Users/mueckerman/.m2/repository/org/powermock/powermock-api-support/1.4.10/powermock-api-support-1.4.10.jar:"/>
    <property name="java.vm.specification.version" value="1.0"/>
    <property name="sun.arch.data.model" value="64"/>
    <property name="java.home" value="/System/Library/Java/JavaVirtualMachines/1.6.0.jdk/Contents/Home"/>
    <property name="sun.java.command" value="/var/folders/dy/dn0h120d4plc3sl5ll4b5tn80000gp/T/surefirebooter5246765378684088638.jar /var/folders/dy/dn0h120d4plc3sl5ll4b5tn80000gp/T/surefire7408070795394557629tmp /var/folders/dy/dn0h120d4plc3sl5ll4b5tn80000gp/T/surefire4560983603788272311tmp"/>
    <property name="java.specification.vendor" value="Sun Microsystems Inc."/>
    <property name="user.language" value="en"/>
    <property name="awt.toolkit" value="apple.awt.CToolkit"/>
    <property name="java.vm.info" value="mixed mode"/>
    <property name="java.version" value="1.6.0_26"/>
    <property name="java.ext.dirs" value="/Library/Java/Extensions:/System/Library/Java/Extensions:/System/Library/Java/JavaVirtualMachines/1.6.0.jdk/Contents/Home/lib/ext"/>
    <property name="sun.boot.class.path" value="/System/Library/Java/JavaVirtualMachines/1.6.0.jdk/Contents/Classes/jsfd.jar:/System/Library/Java/JavaVirtualMachines/1.6.0.jdk/Contents/Classes/classes.jar:/System/Library/Frameworks/JavaVM.framework/Frameworks/JavaRuntimeSupport.framework/Resources/Java/JavaRuntimeSupport.jar:/System/Library/Java/JavaVirtualMachines/1.6.0.jdk/Contents/Classes/ui.jar:/System/Library/Java/JavaVirtualMachines/1.6.0.jdk/Contents/Classes/laf.jar:/System/Library/Java/JavaVirtualMachines/1.6.0.jdk/Contents/Classes/sunrsasign.jar:/System/Library/Java/JavaVirtualMachines/1.6.0.jdk/Contents/Classes/jsse.jar:/System/Library/Java/JavaVirtualMachines/1.6.0.jdk/Contents/Classes/jce.jar:/System/Library/Java/JavaVirtualMachines/1.6.0.jdk/Contents/Classes/charsets.jar"/>
    <property name="java.vendor" value="Apple Inc."/>
    <property name="localRepository" value="/Users/mueckerman/.m2/repository"/>
    <property name="file.separator" value="/"/>
    <property name="java.vendor.url.bug" value="http://bugreport.apple.com/"/>
    <property name="sun.cpu.endian" value="little"/>
    <property name="sun.io.unicode.encoding" value="UnicodeLittle"/>
    <property name="mrj.version" value="1070.1.6.0_26-383"/>
    <property name="socksNonProxyHosts" value="local|*.local|169.254/16|*.169.254/16"/>
    <property name="ftp.nonProxyHosts" value="local|*.local|169.254/16|*.169.254/16"/>
    <property name="sun.cpu.isalist" value=""/>
  </properties>
  <testcase time="0.02" classname="net.ueckerman.order.OrderTest" name="initialStatusIsNew"/>
  <testcase time="0.003" classname="net.ueckerman.order.OrderTest" name="totalCostReturnsMoneyWhoseValueIsTheSumOfAllProductCosts"/>
  <testcase time="0.09" classname="net.ueckerman.order.OrderTest" name="transitionToStatusEstablishesStatusAsProvidedStatusWhenTransitionIsValid"/>
  <testcase time="0.002" classname="net.ueckerman.order.OrderTest" name="transitionToStatusThrowsIllegalStatusTransitionExceptionWhenTransitionIsInvalid"/>
</testsuite>